This file contains any messages produced by compilers while
running configure, to aid debugging if configure makes a mistake.

It was created by opencv configure 2.0.0, which was
generated by GNU Autoconf 2.64.  Invocation command line was

  $ ./configure --no-create --no-recursion

## --------- ##
## Platform. ##
## --------- ##

hostname = doot.local
uname -m = i386
uname -r = 9.8.0
uname -s = Darwin
uname -v = Darwin Kernel Version 9.8.0: Wed Jul 15 16:55:01 PDT 2009; root:xnu-1228.15.4~1/RELEASE_I386

/usr/bin/uname -p = i386
/bin/uname -X     = unknown

/bin/arch              = unknown
/usr/bin/arch -k       = unknown
/usr/convex/getsysinfo = unknown
/usr/bin/hostinfo      = Mach kernel version:
	 Darwin Kernel Version 9.8.0: Wed Jul 15 16:55:01 PDT 2009; root:xnu-1228.15.4~1/RELEASE_I386
Kernel configured for up to 2 processors.
2 processors are physically available.
2 processors are logically available.
Processor type: i486 (Intel 80486)
Processors active: 0 1
Primary memory available: 4.00 gigabytes
Default processor set: 78 tasks, 263 threads, 2 processors
Load average: 1.17, Mach factor: 0.84
/bin/machine           = unknown
/usr/bin/oslevel       = unknown
/bin/universe          = unknown

PATH: /opt/local/bin
PATH: /opt/local/sbin
PATH: /Users/dlowe/bin
PATH: /usr/bin
PATH: /bin
PATH: /usr/sbin
PATH: /sbin
PATH: /usr/local/bin
PATH: /usr/X11/bin
PATH: /opt/local/Library/Frameworks/Python.framework/Versions/2.5/Resources/Python.app/Contents/MacOS/


## ----------- ##
## Core tests. ##
## ----------- ##

configure:2750: checking build system type
configure:2764: result: i386-apple-darwin9.8.0
configure:2784: checking host system type
configure:2797: result: i386-apple-darwin9.8.0
configure:2817: checking target system type
configure:2830: result: i386-apple-darwin9.8.0
configure:2877: checking for a BSD-compatible install
configure:2945: result: /usr/bin/install -c
configure:2956: checking whether build environment is sane
configure:3006: result: yes
configure:3147: checking for a thread-safe mkdir -p
configure:3186: result: autotools/install-sh -c -d
configure:3199: checking for gawk
configure:3229: result: no
configure:3199: checking for mawk
configure:3229: result: no
configure:3199: checking for nawk
configure:3229: result: no
configure:3199: checking for awk
configure:3215: found /usr/bin/awk
configure:3226: result: awk
configure:3237: checking whether make sets $(MAKE)
configure:3259: result: yes
configure:3339: checking whether make sets $(MAKE)
configure:3361: result: yes
configure:3746: checking for style of include used by make
configure:3774: result: GNU
configure:3854: checking for g++
configure:3870: found /usr/bin/g++
configure:3881: result: g++
configure:3908: checking for C++ compiler version
configure:3917: g++ --version >&5
i686-apple-darwin9-g++-4.0.1 (GCC) 4.0.1 (Apple Inc. build 5465)
Copyright (C) 2005 Free Software Foundation, Inc.
This is free software; see the source for copying conditions.  There is NO
warranty; not even for MERCHANTABILITY or FITNESS FOR A PARTICULAR PURPOSE.

configure:3928: $? = 0
configure:3917: g++ -v >&5
Using built-in specs.
Target: i686-apple-darwin9
Configured with: /var/tmp/gcc/gcc-5465~16/src/configure --disable-checking -enable-werror --prefix=/usr --mandir=/share/man --enable-languages=c,objc,c++,obj-c++ --program-transform-name=/^[cg][^.-]*$/s/$/-4.0/ --with-gxx-include-dir=/include/c++/4.0.0 --with-slibdir=/usr/lib --build=i686-apple-darwin9 --with-arch=apple --with-tune=generic --host=i686-apple-darwin9 --target=i686-apple-darwin9
Thread model: posix
gcc version 4.0.1 (Apple Inc. build 5465)
configure:3928: $? = 0
configure:3917: g++ -V >&5
g++-4.0: argument to `-V' is missing
configure:3928: $? = 1
configure:3917: g++ -qversion >&5
i686-apple-darwin9-g++-4.0.1: no input files
configure:3928: $? = 1
configure:3950: checking for C++ compiler default output file name
configure:3972: g++    conftest.cpp  >&5
configure:3976: $? = 0
configure:4013: result: a.out
configure:4029: checking whether the C++ compiler works
configure:4038: ./a.out
configure:4042: $? = 0
configure:4057: result: yes
configure:4064: checking whether we are cross compiling
configure:4066: result: no
configure:4069: checking for suffix of executables
configure:4076: g++ -o conftest    conftest.cpp  >&5
configure:4080: $? = 0
configure:4102: result: 
configure:4108: checking for suffix of object files
configure:4130: g++ -c   conftest.cpp >&5
configure:4134: $? = 0
configure:4155: result: o
configure:4159: checking whether we are using the GNU C++ compiler
configure:4178: g++ -c   conftest.cpp >&5
configure:4178: $? = 0
configure:4187: result: yes
configure:4196: checking whether g++ accepts -g
configure:4216: g++ -c -g  conftest.cpp >&5
configure:4216: $? = 0
configure:4257: result: yes
configure:4282: checking dependency style of g++
configure:4392: result: gcc3
configure:4412: checking how to run the C++ preprocessor
configure:4439: g++ -E  conftest.cpp
configure:4439: $? = 0
configure:4453: g++ -E  conftest.cpp
conftest.cpp:11:28: error: ac_nonexistent.h: No such file or directory
configure:4453: $? = 1
configure: failed program was:
| /* confdefs.h */
| #define PACKAGE_NAME "opencv"
| #define PACKAGE_TARNAME "opencv"
| #define PACKAGE_VERSION "2.0.0"
| #define PACKAGE_STRING "opencv 2.0.0"
| #define PACKAGE_BUGREPORT "opencvlibrary-devel@lists.sourceforge.net"
| #define PACKAGE_URL ""
| #define PACKAGE "opencv"
| #define VERSION "2.0.0"
| /* end confdefs.h.  */
| #include <ac_nonexistent.h>
configure:4478: result: g++ -E
configure:4498: g++ -E  conftest.cpp
configure:4498: $? = 0
configure:4512: g++ -E  conftest.cpp
conftest.cpp:11:28: error: ac_nonexistent.h: No such file or directory
configure:4512: $? = 1
configure: failed program was:
| /* confdefs.h */
| #define PACKAGE_NAME "opencv"
| #define PACKAGE_TARNAME "opencv"
| #define PACKAGE_VERSION "2.0.0"
| #define PACKAGE_STRING "opencv 2.0.0"
| #define PACKAGE_BUGREPORT "opencvlibrary-devel@lists.sourceforge.net"
| #define PACKAGE_URL ""
| #define PACKAGE "opencv"
| #define VERSION "2.0.0"
| /* end confdefs.h.  */
| #include <ac_nonexistent.h>
configure:4652: checking for C++ compiler version
configure:4661: g++ --version >&5
i686-apple-darwin9-g++-4.0.1 (GCC) 4.0.1 (Apple Inc. build 5465)
Copyright (C) 2005 Free Software Foundation, Inc.
This is free software; see the source for copying conditions.  There is NO
warranty; not even for MERCHANTABILITY or FITNESS FOR A PARTICULAR PURPOSE.

configure:4672: $? = 0
configure:4661: g++ -v >&5
Using built-in specs.
Target: i686-apple-darwin9
Configured with: /var/tmp/gcc/gcc-5465~16/src/configure --disable-checking -enable-werror --prefix=/usr --mandir=/share/man --enable-languages=c,objc,c++,obj-c++ --program-transform-name=/^[cg][^.-]*$/s/$/-4.0/ --with-gxx-include-dir=/include/c++/4.0.0 --with-slibdir=/usr/lib --build=i686-apple-darwin9 --with-arch=apple --with-tune=generic --host=i686-apple-darwin9 --target=i686-apple-darwin9
Thread model: posix
gcc version 4.0.1 (Apple Inc. build 5465)
configure:4672: $? = 0
configure:4661: g++ -V >&5
g++-4.0: argument to `-V' is missing
configure:4672: $? = 1
configure:4661: g++ -qversion >&5
i686-apple-darwin9-g++-4.0.1: no input files
configure:4672: $? = 1
configure:4676: checking whether we are using the GNU C++ compiler
configure:4704: result: yes
configure:4713: checking whether g++ accepts -g
configure:4774: result: yes
configure:4799: checking dependency style of g++
configure:4909: result: gcc3
configure:4997: checking for gcc
configure:5013: found /usr/bin/gcc
configure:5024: result: gcc
configure:5253: checking for C compiler version
configure:5262: gcc --version >&5
i686-apple-darwin9-gcc-4.0.1 (GCC) 4.0.1 (Apple Inc. build 5465)
Copyright (C) 2005 Free Software Foundation, Inc.
This is free software; see the source for copying conditions.  There is NO
warranty; not even for MERCHANTABILITY or FITNESS FOR A PARTICULAR PURPOSE.

configure:5273: $? = 0
configure:5262: gcc -v >&5
Using built-in specs.
Target: i686-apple-darwin9
Configured with: /var/tmp/gcc/gcc-5465~16/src/configure --disable-checking -enable-werror --prefix=/usr --mandir=/share/man --enable-languages=c,objc,c++,obj-c++ --program-transform-name=/^[cg][^.-]*$/s/$/-4.0/ --with-gxx-include-dir=/include/c++/4.0.0 --with-slibdir=/usr/lib --build=i686-apple-darwin9 --with-arch=apple --with-tune=generic --host=i686-apple-darwin9 --target=i686-apple-darwin9
Thread model: posix
gcc version 4.0.1 (Apple Inc. build 5465)
configure:5273: $? = 0
configure:5262: gcc -V >&5
gcc-4.0: argument to `-V' is missing
configure:5273: $? = 1
configure:5262: gcc -qversion >&5
i686-apple-darwin9-gcc-4.0.1: no input files
configure:5273: $? = 1
configure:5277: checking whether we are using the GNU C compiler
configure:5296: gcc -c   conftest.c >&5
configure:5296: $? = 0
configure:5305: result: yes
configure:5314: checking whether gcc accepts -g
configure:5334: gcc -c -g  conftest.c >&5
configure:5334: $? = 0
configure:5375: result: yes
configure:5392: checking for gcc option to accept ISO C89
configure:5456: gcc  -c -g -O2  conftest.c >&5
configure:5456: $? = 0
configure:5469: result: none needed
configure:5491: checking dependency style of gcc
configure:5601: result: gcc3
configure:5616: checking for a sed that does not truncate output
configure:5680: result: /usr/bin/sed
configure:5698: checking for grep that handles long lines and -e
configure:5756: result: /usr/bin/grep
configure:5761: checking for egrep
configure:5823: result: /usr/bin/grep -E
configure:5828: checking for fgrep
configure:5890: result: /usr/bin/grep -F
configure:5925: checking for ld used by gcc
configure:5992: result: /usr/libexec/gcc/i686-apple-darwin9/4.0.1/ld
configure:5999: checking if the linker (/usr/libexec/gcc/i686-apple-darwin9/4.0.1/ld) is GNU ld
configure:6014: result: no
configure:6026: checking for BSD- or MS-compatible name lister (nm)
configure:6075: result: /usr/bin/nm -p
configure:6193: checking the name lister (/usr/bin/nm -p) interface
configure:6200: g++ -c -g -O2  conftest.cpp >&5
configure:6203: /usr/bin/nm -p "conftest.o"
configure:6206: output
00000158 D _some_variable
configure:6213: result: BSD nm
configure:6216: checking whether ln -s works
configure:6220: result: yes
configure:6228: checking the maximum length of command line arguments
configure:6348: result: 196608
configure:6365: checking whether the shell understands some XSI constructs
configure:6375: result: yes
configure:6379: checking whether the shell understands "+="
configure:6385: result: yes
configure:6420: checking for /usr/libexec/gcc/i686-apple-darwin9/4.0.1/ld option to reload object files
configure:6427: result: -r
configure:6496: checking for objdump
configure:6523: result: objdump
configure:6552: checking how to recognize dependent libraries
configure:6748: result: pass_all
configure:6808: checking for ar
configure:6824: found /usr/bin/ar
configure:6835: result: ar
configure:6913: checking for strip
configure:6929: found /usr/bin/strip
configure:6940: result: strip
configure:7012: checking for ranlib
configure:7028: found /usr/bin/ranlib
configure:7039: result: ranlib
configure:7129: checking command to parse /usr/bin/nm -p output from gcc object
configure:7247: g++ -c -g -O2  conftest.cpp >&5
configure:7250: $? = 0
configure:7254: /usr/bin/nm -p conftest.o \| sed -n -e 's/^.*[	 ]\([BCDEGRST][BCDEGRST]*\)[	 ][	 ]*\([_A-Za-z][_A-Za-z0-9]*\)$/\1 \2 \2/p' \> conftest.nm
configure:7257: $? = 0
cannot find nm_test_var in conftest.nm
configure:7247: g++ -c -g -O2  conftest.cpp >&5
configure:7250: $? = 0
configure:7254: /usr/bin/nm -p conftest.o \| sed -n -e 's/^.*[	 ]\([BCDEGRST][BCDEGRST]*\)[	 ][	 ]*_\([_A-Za-z][_A-Za-z0-9]*\)$/\1 _\2 \2/p' \> conftest.nm
configure:7257: $? = 0
configure:7311: g++ -o conftest -g -O2   conftest.cpp conftstm.o >&5
configure:7314: $? = 0
configure:7352: result: ok
configure:7617: checking for dsymutil
configure:7633: found /usr/bin/dsymutil
configure:7644: result: dsymutil
configure:7709: checking for nmedit
configure:7725: found /usr/bin/nmedit
configure:7736: result: nmedit
configure:7801: checking for lipo
configure:7817: found /usr/bin/lipo
configure:7828: result: lipo
configure:7893: checking for otool
configure:7909: found /usr/bin/otool
configure:7920: result: otool
configure:7985: checking for otool64
configure:8015: result: no
configure:8060: checking for -single_module linker flag
gcc -g -O2  -o libconftest.dylib -dynamiclib -Wl,-single_module conftest.c
configure:8087: result: yes
configure:8089: checking for -exported_symbols_list linker flag
configure:8109: g++ -o conftest -g -O2   -Wl,-exported_symbols_list,conftest.sym conftest.cpp  >&5
configure:8109: $? = 0
configure:8119: result: yes
configure:8161: checking how to run the C preprocessor
configure:8192: gcc -E  conftest.c
configure:8192: $? = 0
configure:8206: gcc -E  conftest.c
conftest.c:11:28: error: ac_nonexistent.h: No such file or directory
configure:8206: $? = 1
configure: failed program was:
| /* confdefs.h */
| #define PACKAGE_NAME "opencv"
| #define PACKAGE_TARNAME "opencv"
| #define PACKAGE_VERSION "2.0.0"
| #define PACKAGE_STRING "opencv 2.0.0"
| #define PACKAGE_BUGREPORT "opencvlibrary-devel@lists.sourceforge.net"
| #define PACKAGE_URL ""
| #define PACKAGE "opencv"
| #define VERSION "2.0.0"
| /* end confdefs.h.  */
| #include <ac_nonexistent.h>
configure:8231: result: gcc -E
configure:8251: gcc -E  conftest.c
configure:8251: $? = 0
configure:8265: gcc -E  conftest.c
conftest.c:11:28: error: ac_nonexistent.h: No such file or directory
configure:8265: $? = 1
configure: failed program was:
| /* confdefs.h */
| #define PACKAGE_NAME "opencv"
| #define PACKAGE_TARNAME "opencv"
| #define PACKAGE_VERSION "2.0.0"
| #define PACKAGE_STRING "opencv 2.0.0"
| #define PACKAGE_BUGREPORT "opencvlibrary-devel@lists.sourceforge.net"
| #define PACKAGE_URL ""
| #define PACKAGE "opencv"
| #define VERSION "2.0.0"
| /* end confdefs.h.  */
| #include <ac_nonexistent.h>
configure:8294: checking for ANSI C header files
configure:8314: gcc -c -g -O2  conftest.c >&5
configure:8314: $? = 0
configure:8387: gcc -o conftest -g -O2   conftest.c  >&5
configure:8387: $? = 0
configure:8387: ./conftest
configure:8387: $? = 0
configure:8398: result: yes
configure:8411: checking for sys/types.h
configure:8411: gcc -c -g -O2  conftest.c >&5
configure:8411: $? = 0
configure:8411: result: yes
configure:8411: checking for sys/stat.h
configure:8411: gcc -c -g -O2  conftest.c >&5
configure:8411: $? = 0
configure:8411: result: yes
configure:8411: checking for stdlib.h
configure:8411: gcc -c -g -O2  conftest.c >&5
configure:8411: $? = 0
configure:8411: result: yes
configure:8411: checking for string.h
configure:8411: gcc -c -g -O2  conftest.c >&5
configure:8411: $? = 0
configure:8411: result: yes
configure:8411: checking for memory.h
configure:8411: gcc -c -g -O2  conftest.c >&5
configure:8411: $? = 0
configure:8411: result: yes
configure:8411: checking for strings.h
configure:8411: gcc -c -g -O2  conftest.c >&5
configure:8411: $? = 0
configure:8411: result: yes
configure:8411: checking for inttypes.h
configure:8411: gcc -c -g -O2  conftest.c >&5
configure:8411: $? = 0
configure:8411: result: yes
configure:8411: checking for stdint.h
configure:8411: gcc -c -g -O2  conftest.c >&5
configure:8411: $? = 0
configure:8411: result: yes
configure:8411: checking for unistd.h
configure:8411: gcc -c -g -O2  conftest.c >&5
configure:8411: $? = 0
configure:8411: result: yes
configure:8426: checking for dlfcn.h
configure:8426: gcc -c -g -O2  conftest.c >&5
configure:8426: $? = 0
configure:8426: result: yes
configure:8551: checking for C++ compiler version
configure:8560: g++ --version >&5
i686-apple-darwin9-g++-4.0.1 (GCC) 4.0.1 (Apple Inc. build 5465)
Copyright (C) 2005 Free Software Foundation, Inc.
This is free software; see the source for copying conditions.  There is NO
warranty; not even for MERCHANTABILITY or FITNESS FOR A PARTICULAR PURPOSE.

configure:8571: $? = 0
configure:8560: g++ -v >&5
Using built-in specs.
Target: i686-apple-darwin9
Configured with: /var/tmp/gcc/gcc-5465~16/src/configure --disable-checking -enable-werror --prefix=/usr --mandir=/share/man --enable-languages=c,objc,c++,obj-c++ --program-transform-name=/^[cg][^.-]*$/s/$/-4.0/ --with-gxx-include-dir=/include/c++/4.0.0 --with-slibdir=/usr/lib --build=i686-apple-darwin9 --with-arch=apple --with-tune=generic --host=i686-apple-darwin9 --target=i686-apple-darwin9
Thread model: posix
gcc version 4.0.1 (Apple Inc. build 5465)
configure:8571: $? = 0
configure:8560: g++ -V >&5
g++-4.0: argument to `-V' is missing
configure:8571: $? = 1
configure:8560: g++ -qversion >&5
i686-apple-darwin9-g++-4.0.1: no input files
configure:8571: $? = 1
configure:8575: checking whether we are using the GNU C++ compiler
configure:8603: result: yes
configure:8612: checking whether g++ accepts -g
configure:8673: result: yes
configure:8698: checking dependency style of g++
configure:8808: result: gcc3
configure:8831: checking how to run the C++ preprocessor
configure:8897: result: g++ -E
configure:8917: g++ -E  conftest.cpp
configure:8917: $? = 0
configure:8931: g++ -E  conftest.cpp
conftest.cpp:22:28: error: ac_nonexistent.h: No such file or directory
configure:8931: $? = 1
configure: failed program was:
| /* confdefs.h */
| #define PACKAGE_NAME "opencv"
| #define PACKAGE_TARNAME "opencv"
| #define PACKAGE_VERSION "2.0.0"
| #define PACKAGE_STRING "opencv 2.0.0"
| #define PACKAGE_BUGREPORT "opencvlibrary-devel@lists.sourceforge.net"
| #define PACKAGE_URL ""
| #define PACKAGE "opencv"
| #define VERSION "2.0.0"
| #define STDC_HEADERS 1
| #define HAVE_SYS_TYPES_H 1
| #define HAVE_SYS_STAT_H 1
| #define HAVE_STDLIB_H 1
| #define HAVE_STRING_H 1
| #define HAVE_MEMORY_H 1
| #define HAVE_STRINGS_H 1
| #define HAVE_INTTYPES_H 1
| #define HAVE_STDINT_H 1
| #define HAVE_UNISTD_H 1
| #define HAVE_DLFCN_H 1
| /* end confdefs.h.  */
| #include <ac_nonexistent.h>
configure:9105: checking for objdir
configure:9120: result: .libs
configure:9416: checking if gcc supports -fno-rtti -fno-exceptions
configure:9434: gcc -c -g -O2  -fno-rtti -fno-exceptions conftest.c >&5
cc1: warning: command line option "-fno-rtti" is valid for C++/ObjC++ but not for C
configure:9438: $? = 0
configure:9451: result: no
configure:9471: checking for gcc option to produce PIC
configure:9743: result: -fno-common -DPIC
configure:9755: checking if gcc PIC flag -fno-common -DPIC works
configure:9773: gcc -c -g -O2  -fno-common -DPIC -DPIC conftest.c >&5
configure:9777: $? = 0
configure:9790: result: yes
configure:9814: checking if gcc static flag -static works
configure:9842: result: no
configure:9857: checking if gcc supports -c -o file.o
configure:9878: gcc -c -g -O2  -o out/conftest2.o conftest.c >&5
configure:9882: $? = 0
configure:9904: result: yes
configure:9912: checking if gcc supports -c -o file.o
configure:9959: result: yes
configure:9992: checking whether the gcc linker (/usr/libexec/gcc/i686-apple-darwin9/4.0.1/ld) supports shared libraries
configure:10978: result: yes
configure:11217: checking dynamic linker characteristics
configure:11868: result: darwin9.8.0 dyld
configure:11970: checking how to hardcode library paths into programs
configure:11995: result: immediate
configure:12515: checking whether stripping libraries is possible
configure:12529: result: yes
configure:12555: checking if libtool supports shared libraries
configure:12557: result: yes
configure:12560: checking whether to build shared libraries
configure:12581: result: yes
configure:12584: checking whether to build static libraries
configure:12588: result: no
configure:12738: checking for ld used by g++
configure:12805: result: /usr/libexec/gcc/i686-apple-darwin9/4.0.1/ld
configure:12812: checking if the linker (/usr/libexec/gcc/i686-apple-darwin9/4.0.1/ld) is GNU ld
configure:12827: result: no
configure:12882: checking whether the g++ linker (/usr/libexec/gcc/i686-apple-darwin9/4.0.1/ld) supports shared libraries
configure:13795: result: yes
configure:13823: g++ -c -g -O2  conftest.cpp >&5
configure:13826: $? = 0
configure:14008: checking for g++ option to produce PIC
configure:14325: result: -fno-common -DPIC
configure:14334: checking if g++ PIC flag -fno-common -DPIC works
configure:14352: g++ -c -g -O2  -fno-common -DPIC -DPIC conftest.cpp >&5
configure:14356: $? = 0
configure:14369: result: yes
configure:14390: checking if g++ static flag -static works
configure:14418: result: no
configure:14430: checking if g++ supports -c -o file.o
configure:14451: g++ -c -g -O2  -o out/conftest2.o conftest.cpp >&5
configure:14455: $? = 0
configure:14477: result: yes
configure:14482: checking if g++ supports -c -o file.o
configure:14529: result: yes
configure:14559: checking whether the g++ linker (/usr/libexec/gcc/i686-apple-darwin9/4.0.1/ld) supports shared libraries
configure:14585: result: yes
configure:14722: checking dynamic linker characteristics
configure:15321: result: darwin9.8.0 dyld
configure:15372: checking how to hardcode library paths into programs
configure:15397: result: immediate
configure:15686: checking for gcc option to support OpenMP
configure:15701: g++ -o conftest -g -O2   conftest.cpp  >&5
conftest.cpp:27:17: error: omp.h: No such file or directory
conftest.cpp:25: error: 'choke' does not name a type
configure:15701: $? = 1
configure: failed program was:
| /* confdefs.h */
| #define PACKAGE_NAME "opencv"
| #define PACKAGE_TARNAME "opencv"
| #define PACKAGE_VERSION "2.0.0"
| #define PACKAGE_STRING "opencv 2.0.0"
| #define PACKAGE_BUGREPORT "opencvlibrary-devel@lists.sourceforge.net"
| #define PACKAGE_URL ""
| #define PACKAGE "opencv"
| #define VERSION "2.0.0"
| #define STDC_HEADERS 1
| #define HAVE_SYS_TYPES_H 1
| #define HAVE_SYS_STAT_H 1
| #define HAVE_STDLIB_H 1
| #define HAVE_STRING_H 1
| #define HAVE_MEMORY_H 1
| #define HAVE_STRINGS_H 1
| #define HAVE_INTTYPES_H 1
| #define HAVE_STDINT_H 1
| #define HAVE_UNISTD_H 1
| #define HAVE_DLFCN_H 1
| #define LT_OBJDIR ".libs/"
| /* end confdefs.h.  */
| 
| #ifndef _OPENMP
|  choke me
| #endif
| #include <omp.h>
| int main () { return omp_get_num_threads (); }
| 
configure:15718: g++ -o conftest -g -O2 -fopenmp   conftest.cpp  >&5
cc1plus: error: unrecognized command line option "-fopenmp"
configure:15718: $? = 1
configure: failed program was:
| /* confdefs.h */
| #define PACKAGE_NAME "opencv"
| #define PACKAGE_TARNAME "opencv"
| #define PACKAGE_VERSION "2.0.0"
| #define PACKAGE_STRING "opencv 2.0.0"
| #define PACKAGE_BUGREPORT "opencvlibrary-devel@lists.sourceforge.net"
| #define PACKAGE_URL ""
| #define PACKAGE "opencv"
| #define VERSION "2.0.0"
| #define STDC_HEADERS 1
| #define HAVE_SYS_TYPES_H 1
| #define HAVE_SYS_STAT_H 1
| #define HAVE_STDLIB_H 1
| #define HAVE_STRING_H 1
| #define HAVE_MEMORY_H 1
| #define HAVE_STRINGS_H 1
| #define HAVE_INTTYPES_H 1
| #define HAVE_STDINT_H 1
| #define HAVE_UNISTD_H 1
| #define HAVE_DLFCN_H 1
| #define LT_OBJDIR ".libs/"
| /* end confdefs.h.  */
| 
| #ifndef _OPENMP
|  choke me
| #endif
| #include <omp.h>
| int main () { return omp_get_num_threads (); }
| 
configure:15718: g++ -o conftest -g -O2 -xopenmp   conftest.cpp  >&5
i686-apple-darwin9-g++-4.0.1: language openmp not recognized
i686-apple-darwin9-g++-4.0.1: language openmp not recognized
ld: warning in conftest.cpp, file is not of required architecture
Undefined symbols:
  "_main", referenced from:
      start in crt1.10.5.o
ld: symbol(s) not found
collect2: ld returned 1 exit status
configure:15718: $? = 1
configure: failed program was:
| /* confdefs.h */
| #define PACKAGE_NAME "opencv"
| #define PACKAGE_TARNAME "opencv"
| #define PACKAGE_VERSION "2.0.0"
| #define PACKAGE_STRING "opencv 2.0.0"
| #define PACKAGE_BUGREPORT "opencvlibrary-devel@lists.sourceforge.net"
| #define PACKAGE_URL ""
| #define PACKAGE "opencv"
| #define VERSION "2.0.0"
| #define STDC_HEADERS 1
| #define HAVE_SYS_TYPES_H 1
| #define HAVE_SYS_STAT_H 1
| #define HAVE_STDLIB_H 1
| #define HAVE_STRING_H 1
| #define HAVE_MEMORY_H 1
| #define HAVE_STRINGS_H 1
| #define HAVE_INTTYPES_H 1
| #define HAVE_STDINT_H 1
| #define HAVE_UNISTD_H 1
| #define HAVE_DLFCN_H 1
| #define LT_OBJDIR ".libs/"
| /* end confdefs.h.  */
| 
| #ifndef _OPENMP
|  choke me
| #endif
| #include <omp.h>
| int main () { return omp_get_num_threads (); }
| 
configure:15718: g++ -o conftest -g -O2 -openmp   conftest.cpp  >&5
conftest.cpp:27:17: error: omp.h: No such file or directory
conftest.cpp:25: error: 'choke' does not name a type
configure:15718: $? = 1
configure: failed program was:
| /* confdefs.h */
| #define PACKAGE_NAME "opencv"
| #define PACKAGE_TARNAME "opencv"
| #define PACKAGE_VERSION "2.0.0"
| #define PACKAGE_STRING "opencv 2.0.0"
| #define PACKAGE_BUGREPORT "opencvlibrary-devel@lists.sourceforge.net"
| #define PACKAGE_URL ""
| #define PACKAGE "opencv"
| #define VERSION "2.0.0"
| #define STDC_HEADERS 1
| #define HAVE_SYS_TYPES_H 1
| #define HAVE_SYS_STAT_H 1
| #define HAVE_STDLIB_H 1
| #define HAVE_STRING_H 1
| #define HAVE_MEMORY_H 1
| #define HAVE_STRINGS_H 1
| #define HAVE_INTTYPES_H 1
| #define HAVE_STDINT_H 1
| #define HAVE_UNISTD_H 1
| #define HAVE_DLFCN_H 1
| #define LT_OBJDIR ".libs/"
| /* end confdefs.h.  */
| 
| #ifndef _OPENMP
|  choke me
| #endif
| #include <omp.h>
| int main () { return omp_get_num_threads (); }
| 
configure:15718: g++ -o conftest -g -O2 -mp   conftest.cpp  >&5
cc1plus: error: invalid option 'p'
configure:15718: $? = 1
configure: failed program was:
| /* confdefs.h */
| #define PACKAGE_NAME "opencv"
| #define PACKAGE_TARNAME "opencv"
| #define PACKAGE_VERSION "2.0.0"
| #define PACKAGE_STRING "opencv 2.0.0"
| #define PACKAGE_BUGREPORT "opencvlibrary-devel@lists.sourceforge.net"
| #define PACKAGE_URL ""
| #define PACKAGE "opencv"
| #define VERSION "2.0.0"
| #define STDC_HEADERS 1
| #define HAVE_SYS_TYPES_H 1
| #define HAVE_SYS_STAT_H 1
| #define HAVE_STDLIB_H 1
| #define HAVE_STRING_H 1
| #define HAVE_MEMORY_H 1
| #define HAVE_STRINGS_H 1
| #define HAVE_INTTYPES_H 1
| #define HAVE_STDINT_H 1
| #define HAVE_UNISTD_H 1
| #define HAVE_DLFCN_H 1
| #define LT_OBJDIR ".libs/"
| /* end confdefs.h.  */
| 
| #ifndef _OPENMP
|  choke me
| #endif
| #include <omp.h>
| int main () { return omp_get_num_threads (); }
| 
configure:15718: g++ -o conftest -g -O2 -omp   conftest.cpp  >&5
conftest.cpp:27:17: error: omp.h: No such file or directory
conftest.cpp:25: error: 'choke' does not name a type
configure:15718: $? = 1
configure: failed program was:
| /* confdefs.h */
| #define PACKAGE_NAME "opencv"
| #define PACKAGE_TARNAME "opencv"
| #define PACKAGE_VERSION "2.0.0"
| #define PACKAGE_STRING "opencv 2.0.0"
| #define PACKAGE_BUGREPORT "opencvlibrary-devel@lists.sourceforge.net"
| #define PACKAGE_URL ""
| #define PACKAGE "opencv"
| #define VERSION "2.0.0"
| #define STDC_HEADERS 1
| #define HAVE_SYS_TYPES_H 1
| #define HAVE_SYS_STAT_H 1
| #define HAVE_STDLIB_H 1
| #define HAVE_STRING_H 1
| #define HAVE_MEMORY_H 1
| #define HAVE_STRINGS_H 1
| #define HAVE_INTTYPES_H 1
| #define HAVE_STDINT_H 1
| #define HAVE_UNISTD_H 1
| #define HAVE_DLFCN_H 1
| #define LT_OBJDIR ".libs/"
| /* end confdefs.h.  */
| 
| #ifndef _OPENMP
|  choke me
| #endif
| #include <omp.h>
| int main () { return omp_get_num_threads (); }
| 
configure:15718: g++ -o conftest -g -O2 -qsmp=omp   conftest.cpp  >&5
conftest.cpp:27:17: error: omp.h: No such file or directory
conftest.cpp:25: error: 'choke' does not name a type
configure:15718: $? = 1
configure: failed program was:
| /* confdefs.h */
| #define PACKAGE_NAME "opencv"
| #define PACKAGE_TARNAME "opencv"
| #define PACKAGE_VERSION "2.0.0"
| #define PACKAGE_STRING "opencv 2.0.0"
| #define PACKAGE_BUGREPORT "opencvlibrary-devel@lists.sourceforge.net"
| #define PACKAGE_URL ""
| #define PACKAGE "opencv"
| #define VERSION "2.0.0"
| #define STDC_HEADERS 1
| #define HAVE_SYS_TYPES_H 1
| #define HAVE_SYS_STAT_H 1
| #define HAVE_STDLIB_H 1
| #define HAVE_STRING_H 1
| #define HAVE_MEMORY_H 1
| #define HAVE_STRINGS_H 1
| #define HAVE_INTTYPES_H 1
| #define HAVE_STDINT_H 1
| #define HAVE_UNISTD_H 1
| #define HAVE_DLFCN_H 1
| #define LT_OBJDIR ".libs/"
| /* end confdefs.h.  */
| 
| #ifndef _OPENMP
|  choke me
| #endif
| #include <omp.h>
| int main () { return omp_get_num_threads (); }
| 
configure:15732: result: unsupported
configure:15757: checking for x86 cpuid  output
configure:15808: gcc -o conftest -g -O2   conftest.c  >&5
conftest.c: In function 'main':
conftest.c:28: error: syntax error before ',' token
configure:15808: $? = 1
configure: program exited with status 1
configure: failed program was:
| /* confdefs.h */
| #define PACKAGE_NAME "opencv"
| #define PACKAGE_TARNAME "opencv"
| #define PACKAGE_VERSION "2.0.0"
| #define PACKAGE_STRING "opencv 2.0.0"
| #define PACKAGE_BUGREPORT "opencvlibrary-devel@lists.sourceforge.net"
| #define PACKAGE_URL ""
| #define PACKAGE "opencv"
| #define VERSION "2.0.0"
| #define STDC_HEADERS 1
| #define HAVE_SYS_TYPES_H 1
| #define HAVE_SYS_STAT_H 1
| #define HAVE_STDLIB_H 1
| #define HAVE_STRING_H 1
| #define HAVE_MEMORY_H 1
| #define HAVE_STRINGS_H 1
| #define HAVE_INTTYPES_H 1
| #define HAVE_STDINT_H 1
| #define HAVE_UNISTD_H 1
| #define HAVE_DLFCN_H 1
| #define LT_OBJDIR ".libs/"
| /* end confdefs.h.  */
| #include <stdio.h>
| int
| main ()
| {
| 
|      int op = , eax, ebx, ecx, edx;
|      FILE *f;
| #if defined(__amd64__) || defined(__amd64) || defined(__x86_64__) || defined(__x86_64)
|      __asm__("push %%rbx\n\t"
|              "cpuid\n\t"
|              "pop %%rbx"
|              : "=a" (eax), "=c" (ecx), "=d" (edx)
|              : "a" (op));
|      __asm__("push %%rbx\n\t"
|              "cpuid\n\t"
|              "mov %%rbx, %%rax\n\t"
|              "pop %%rbx"
|              : "=a" (ebx), "=c" (ecx), "=d" (edx)
|              : "a" (op));
| #else
|      __asm__("push %%ebx\n\t"
|              "cpuid\n\t"
|              "pop %%ebx"
|              : "=a" (eax), "=c" (ecx), "=d" (edx)
|              : "a" (op));
|      __asm__("push %%ebx\n\t"
|              "cpuid\n\t"
|              "mov %%ebx, %%eax\n\t"
|              "pop %%ebx"
|              : "=a" (ebx), "=c" (ecx), "=d" (edx)
|              : "a" (op));
| #endif
|      f = fopen("conftest_cpuid", "w"); if (!f) return 1;
|      fprintf(f, "%x:%x:%x:%x\n", eax, ebx, ecx, edx);
|      fclose(f);
|      return 0;
| 
|   ;
|   return 0;
| }
configure:15818: result: unknown
configure:15837: checking for x86 cpuid 0x00000001 output
configure:15888: gcc -o conftest -g -O2   conftest.c  >&5
configure:15888: $? = 0
configure:15888: ./conftest
configure:15888: $? = 0
configure:15898: result: 10676:20800:8e3bd:bfebfbff
configure:15912: checking whether mmx is supported
configure:15926: result: yes
configure:15929: checking whether sse is supported
configure:15943: result: yes
configure:15946: checking whether sse2 is supported
configure:15958: result: yes
configure:15961: checking whether sse3 is supported
configure:15975: result: yes
configure:15978: checking whether ssse3 is supported
configure:15992: result: yes
configure:15999: checking whether C++ compiler accepts -mmmx
configure:16018: g++ -c -mmmx  conftest.cpp >&5
configure:16018: $? = 0
configure:16028: result: yes
configure:16042: checking whether C++ compiler accepts -msse
configure:16061: g++ -c -msse  conftest.cpp >&5
configure:16061: $? = 0
configure:16071: result: yes
configure:16085: checking whether C++ compiler accepts -msse2
configure:16104: g++ -c -msse2  conftest.cpp >&5
configure:16104: $? = 0
configure:16114: result: yes
configure:16128: checking whether C++ compiler accepts -msse3
configure:16147: g++ -c -msse3  conftest.cpp >&5
configure:16147: $? = 0
configure:16157: result: yes
configure:16196: checking whether to build debug version
configure:16210: result: no
configure:16218: checking whether to enable aggressive optimization flags
configure:16224: result: yes
configure:16292: checking for pow in -lm
configure:16317: g++ -o conftest    conftest.cpp -lm   >&5
configure:16317: $? = 0
configure:16326: result: yes
configure:16337: checking for dlopen in -ldl
configure:16362: g++ -o conftest    conftest.cpp -ldl  -lm  >&5
configure:16362: $? = 0
configure:16371: result: yes
configure:16382: checking for pthread_create in -lpthread
configure:16407: g++ -o conftest    conftest.cpp -lpthread  -ldl -lm  >&5
configure:16407: $? = 0
configure:16416: result: yes
configure:16427: checking for gzputs in -lz
configure:16452: g++ -o conftest    conftest.cpp -lz  -lpthread -ldl -lm  >&5
configure:16452: $? = 0
configure:16461: result: yes
configure:16474: checking whether byte ordering is bigendian
configure:16489: g++ -c   conftest.cpp >&5
configure:16489: $? = 0
configure:16534: g++ -c   conftest.cpp >&5
configure:16534: $? = 0
configure:16552: g++ -c   conftest.cpp >&5
conftest.cpp: In function 'int main()':
conftest.cpp:39: error: 'big' was not declared in this scope
conftest.cpp:39: error: expected `;' before 'endian'
configure:16552: $? = 1
configure: failed program was:
| /* confdefs.h */
| #define PACKAGE_NAME "opencv"
| #define PACKAGE_TARNAME "opencv"
| #define PACKAGE_VERSION "2.0.0"
| #define PACKAGE_STRING "opencv 2.0.0"
| #define PACKAGE_BUGREPORT "opencvlibrary-devel@lists.sourceforge.net"
| #define PACKAGE_URL ""
| #define PACKAGE "opencv"
| #define VERSION "2.0.0"
| #define STDC_HEADERS 1
| #define HAVE_SYS_TYPES_H 1
| #define HAVE_SYS_STAT_H 1
| #define HAVE_STDLIB_H 1
| #define HAVE_STRING_H 1
| #define HAVE_MEMORY_H 1
| #define HAVE_STRINGS_H 1
| #define HAVE_INTTYPES_H 1
| #define HAVE_STDINT_H 1
| #define HAVE_UNISTD_H 1
| #define HAVE_DLFCN_H 1
| #define LT_OBJDIR ".libs/"
| #define HAVE_MMX /**/
| #define HAVE_SSE /**/
| #define HAVE_SSE2 /**/
| #define HAVE_SSE3 /**/
| #define HAVE_SSSE3 /**/
| #define HAVE_LIBM 1
| #define HAVE_LIBDL 1
| #define HAVE_LIBPTHREAD 1
| #define HAVE_LIBZ 1
| /* end confdefs.h.  */
| #include <sys/types.h>
| 		#include <sys/param.h>
| 
| int
| main ()
| {
| #if BYTE_ORDER != BIG_ENDIAN
| 		 not big endian
| 		#endif
| 
|   ;
|   return 0;
| }
configure:16680: result: no
configure:16704: checking for working alloca.h
configure:16721: g++ -o conftest    conftest.cpp -lz -lpthread -ldl -lm  >&5
configure:16721: $? = 0
configure:16729: result: yes
configure:16737: checking for alloca
configure:16774: g++ -o conftest    conftest.cpp -lz -lpthread -ldl -lm  >&5
configure:16774: $? = 0
configure:16782: result: yes
configure:16894: checking malloc.h usability
configure:16894: g++ -c   conftest.cpp >&5
conftest.cpp:67:20: error: malloc.h: No such file or directory
configure:16894: $? = 1
configure: failed program was:
| /* confdefs.h */
| #define PACKAGE_NAME "opencv"
| #define PACKAGE_TARNAME "opencv"
| #define PACKAGE_VERSION "2.0.0"
| #define PACKAGE_STRING "opencv 2.0.0"
| #define PACKAGE_BUGREPORT "opencvlibrary-devel@lists.sourceforge.net"
| #define PACKAGE_URL ""
| #define PACKAGE "opencv"
| #define VERSION "2.0.0"
| #define STDC_HEADERS 1
| #define HAVE_SYS_TYPES_H 1
| #define HAVE_SYS_STAT_H 1
| #define HAVE_STDLIB_H 1
| #define HAVE_STRING_H 1
| #define HAVE_MEMORY_H 1
| #define HAVE_STRINGS_H 1
| #define HAVE_INTTYPES_H 1
| #define HAVE_STDINT_H 1
| #define HAVE_UNISTD_H 1
| #define HAVE_DLFCN_H 1
| #define LT_OBJDIR ".libs/"
| #define HAVE_MMX /**/
| #define HAVE_SSE /**/
| #define HAVE_SSE2 /**/
| #define HAVE_SSE3 /**/
| #define HAVE_SSSE3 /**/
| #define HAVE_LIBM 1
| #define HAVE_LIBDL 1
| #define HAVE_LIBPTHREAD 1
| #define HAVE_LIBZ 1
| #define HAVE_ALLOCA_H 1
| #define HAVE_ALLOCA 1
| /* end confdefs.h.  */
| #include <stdio.h>
| #ifdef HAVE_SYS_TYPES_H
| # include <sys/types.h>
| #endif
| #ifdef HAVE_SYS_STAT_H
| # include <sys/stat.h>
| #endif
| #ifdef STDC_HEADERS
| # include <stdlib.h>
| # include <stddef.h>
| #else
| # ifdef HAVE_STDLIB_H
| #  include <stdlib.h>
| # endif
| #endif
| #ifdef HAVE_STRING_H
| # if !defined STDC_HEADERS && defined HAVE_MEMORY_H
| #  include <memory.h>
| # endif
| # include <string.h>
| #endif
| #ifdef HAVE_STRINGS_H
| # include <strings.h>
| #endif
| #ifdef HAVE_INTTYPES_H
| # include <inttypes.h>
| #endif
| #ifdef HAVE_STDINT_H
| # include <stdint.h>
| #endif
| #ifdef HAVE_UNISTD_H
| # include <unistd.h>
| #endif
| #include <malloc.h>
configure:16894: result: no
configure:16894: checking malloc.h presence
configure:16894: g++ -E  conftest.cpp
conftest.cpp:34:20: error: malloc.h: No such file or directory
configure:16894: $? = 1
configure: failed program was:
| /* confdefs.h */
| #define PACKAGE_NAME "opencv"
| #define PACKAGE_TARNAME "opencv"
| #define PACKAGE_VERSION "2.0.0"
| #define PACKAGE_STRING "opencv 2.0.0"
| #define PACKAGE_BUGREPORT "opencvlibrary-devel@lists.sourceforge.net"
| #define PACKAGE_URL ""
| #define PACKAGE "opencv"
| #define VERSION "2.0.0"
| #define STDC_HEADERS 1
| #define HAVE_SYS_TYPES_H 1
| #define HAVE_SYS_STAT_H 1
| #define HAVE_STDLIB_H 1
| #define HAVE_STRING_H 1
| #define HAVE_MEMORY_H 1
| #define HAVE_STRINGS_H 1
| #define HAVE_INTTYPES_H 1
| #define HAVE_STDINT_H 1
| #define HAVE_UNISTD_H 1
| #define HAVE_DLFCN_H 1
| #define LT_OBJDIR ".libs/"
| #define HAVE_MMX /**/
| #define HAVE_SSE /**/
| #define HAVE_SSE2 /**/
| #define HAVE_SSE3 /**/
| #define HAVE_SSSE3 /**/
| #define HAVE_LIBM 1
| #define HAVE_LIBDL 1
| #define HAVE_LIBPTHREAD 1
| #define HAVE_LIBZ 1
| #define HAVE_ALLOCA_H 1
| #define HAVE_ALLOCA 1
| /* end confdefs.h.  */
| #include <malloc.h>
configure:16894: result: no
configure:16894: checking for malloc.h
configure:16894: result: no
configure:16906: checking assert.h usability
configure:16906: g++ -c   conftest.cpp >&5
configure:16906: $? = 0
configure:16906: result: yes
configure:16906: checking assert.h presence
configure:16906: g++ -E  conftest.cpp
configure:16906: $? = 0
configure:16906: result: yes
configure:16906: checking for assert.h
configure:16906: result: yes
configure:16918: checking for lrint
configure:16918: g++ -o conftest    conftest.cpp -lz -lpthread -ldl -lm  >&5
configure:16918: $? = 0
configure:16918: result: yes
configure:16927: checking for library containing clock_gettime
configure:16958: g++ -o conftest    conftest.cpp -lz -lpthread -ldl -lm  >&5
Undefined symbols:
  "_clock_gettime", referenced from:
      _main in ccdQZSic.o
ld: symbol(s) not found
collect2: ld returned 1 exit status
configure:16958: $? = 1
configure: failed program was:
| /* confdefs.h */
| #define PACKAGE_NAME "opencv"
| #define PACKAGE_TARNAME "opencv"
| #define PACKAGE_VERSION "2.0.0"
| #define PACKAGE_STRING "opencv 2.0.0"
| #define PACKAGE_BUGREPORT "opencvlibrary-devel@lists.sourceforge.net"
| #define PACKAGE_URL ""
| #define PACKAGE "opencv"
| #define VERSION "2.0.0"
| #define STDC_HEADERS 1
| #define HAVE_SYS_TYPES_H 1
| #define HAVE_SYS_STAT_H 1
| #define HAVE_STDLIB_H 1
| #define HAVE_STRING_H 1
| #define HAVE_MEMORY_H 1
| #define HAVE_STRINGS_H 1
| #define HAVE_INTTYPES_H 1
| #define HAVE_STDINT_H 1
| #define HAVE_UNISTD_H 1
| #define HAVE_DLFCN_H 1
| #define LT_OBJDIR ".libs/"
| #define HAVE_MMX /**/
| #define HAVE_SSE /**/
| #define HAVE_SSE2 /**/
| #define HAVE_SSE3 /**/
| #define HAVE_SSSE3 /**/
| #define HAVE_LIBM 1
| #define HAVE_LIBDL 1
| #define HAVE_LIBPTHREAD 1
| #define HAVE_LIBZ 1
| #define HAVE_ALLOCA_H 1
| #define HAVE_ALLOCA 1
| #define HAVE_ASSERT_H 1
| #define HAVE_LRINT 1
| /* end confdefs.h.  */
| 
| /* Override any GCC internal prototype to avoid an error.
|    Use char because int might match the return type of a GCC
|    builtin and then its argument prototype would still apply.  */
| #ifdef __cplusplus
| extern "C"
| #endif
| char clock_gettime ();
| int
| main ()
| {
| return clock_gettime ();
|   ;
|   return 0;
| }
configure:16958: g++ -o conftest    conftest.cpp -lrt  -lz -lpthread -ldl -lm  >&5
ld: library not found for -lrt
collect2: ld returned 1 exit status
configure:16958: $? = 1
configure: failed program was:
| /* confdefs.h */
| #define PACKAGE_NAME "opencv"
| #define PACKAGE_TARNAME "opencv"
| #define PACKAGE_VERSION "2.0.0"
| #define PACKAGE_STRING "opencv 2.0.0"
| #define PACKAGE_BUGREPORT "opencvlibrary-devel@lists.sourceforge.net"
| #define PACKAGE_URL ""
| #define PACKAGE "opencv"
| #define VERSION "2.0.0"
| #define STDC_HEADERS 1
| #define HAVE_SYS_TYPES_H 1
| #define HAVE_SYS_STAT_H 1
| #define HAVE_STDLIB_H 1
| #define HAVE_STRING_H 1
| #define HAVE_MEMORY_H 1
| #define HAVE_STRINGS_H 1
| #define HAVE_INTTYPES_H 1
| #define HAVE_STDINT_H 1
| #define HAVE_UNISTD_H 1
| #define HAVE_DLFCN_H 1
| #define LT_OBJDIR ".libs/"
| #define HAVE_MMX /**/
| #define HAVE_SSE /**/
| #define HAVE_SSE2 /**/
| #define HAVE_SSE3 /**/
| #define HAVE_SSSE3 /**/
| #define HAVE_LIBM 1
| #define HAVE_LIBDL 1
| #define HAVE_LIBPTHREAD 1
| #define HAVE_LIBZ 1
| #define HAVE_ALLOCA_H 1
| #define HAVE_ALLOCA 1
| #define HAVE_ASSERT_H 1
| #define HAVE_LRINT 1
| /* end confdefs.h.  */
| 
| /* Override any GCC internal prototype to avoid an error.
|    Use char because int might match the return type of a GCC
|    builtin and then its argument prototype would still apply.  */
| #ifdef __cplusplus
| extern "C"
| #endif
| char clock_gettime ();
| int
| main ()
| {
| return clock_gettime ();
|   ;
|   return 0;
| }
configure:16975: result: no
configure:17035: checking Carbon/Carbon.h usability
configure:17035: g++ -c   conftest.cpp >&5
configure:17035: $? = 0
configure:17035: result: yes
configure:17035: checking Carbon/Carbon.h presence
configure:17035: g++ -E  conftest.cpp
configure:17035: $? = 0
configure:17035: result: yes
configure:17035: checking for Carbon/Carbon.h
configure:17035: result: yes
configure:17414: checking QuickTime/QuickTime.h usability
configure:17414: g++ -c   conftest.cpp >&5
configure:17414: $? = 0
configure:17414: result: yes
configure:17414: checking QuickTime/QuickTime.h presence
configure:17414: g++ -E  conftest.cpp
configure:17414: $? = 0
configure:17414: result: yes
configure:17414: checking for QuickTime/QuickTime.h
configure:17414: result: yes
configure:18497: checking ApplicationServices/ApplicationServices.h usability
configure:18497: g++ -c   conftest.cpp >&5
configure:18497: $? = 0
configure:18497: result: yes
configure:18497: checking ApplicationServices/ApplicationServices.h presence
configure:18497: g++ -E  conftest.cpp
configure:18497: $? = 0
configure:18497: result: yes
configure:18497: checking for ApplicationServices/ApplicationServices.h
configure:18497: result: yes
configure:18780: checking jasper/jasper.h usability
configure:18780: g++ -c   conftest.cpp >&5
conftest.cpp:72:27: error: jasper/jasper.h: No such file or directory
configure:18780: $? = 1
configure: failed program was:
| /* confdefs.h */
| #define PACKAGE_NAME "opencv"
| #define PACKAGE_TARNAME "opencv"
| #define PACKAGE_VERSION "2.0.0"
| #define PACKAGE_STRING "opencv 2.0.0"
| #define PACKAGE_BUGREPORT "opencvlibrary-devel@lists.sourceforge.net"
| #define PACKAGE_URL ""
| #define PACKAGE "opencv"
| #define VERSION "2.0.0"
| #define STDC_HEADERS 1
| #define HAVE_SYS_TYPES_H 1
| #define HAVE_SYS_STAT_H 1
| #define HAVE_STDLIB_H 1
| #define HAVE_STRING_H 1
| #define HAVE_MEMORY_H 1
| #define HAVE_STRINGS_H 1
| #define HAVE_INTTYPES_H 1
| #define HAVE_STDINT_H 1
| #define HAVE_UNISTD_H 1
| #define HAVE_DLFCN_H 1
| #define LT_OBJDIR ".libs/"
| #define HAVE_MMX /**/
| #define HAVE_SSE /**/
| #define HAVE_SSE2 /**/
| #define HAVE_SSE3 /**/
| #define HAVE_SSSE3 /**/
| #define HAVE_LIBM 1
| #define HAVE_LIBDL 1
| #define HAVE_LIBPTHREAD 1
| #define HAVE_LIBZ 1
| #define HAVE_ALLOCA_H 1
| #define HAVE_ALLOCA 1
| #define HAVE_ASSERT_H 1
| #define HAVE_LRINT 1
| #define HAVE_CARBON /**/
| #define HAVE_QUICKTIME /**/
| #define HAVE_IMAGEIO /**/
| /* end confdefs.h.  */
| #include <stdio.h>
| #ifdef HAVE_SYS_TYPES_H
| # include <sys/types.h>
| #endif
| #ifdef HAVE_SYS_STAT_H
| # include <sys/stat.h>
| #endif
| #ifdef STDC_HEADERS
| # include <stdlib.h>
| # include <stddef.h>
| #else
| # ifdef HAVE_STDLIB_H
| #  include <stdlib.h>
| # endif
| #endif
| #ifdef HAVE_STRING_H
| # if !defined STDC_HEADERS && defined HAVE_MEMORY_H
| #  include <memory.h>
| # endif
| # include <string.h>
| #endif
| #ifdef HAVE_STRINGS_H
| # include <strings.h>
| #endif
| #ifdef HAVE_INTTYPES_H
| # include <inttypes.h>
| #endif
| #ifdef HAVE_STDINT_H
| # include <stdint.h>
| #endif
| #ifdef HAVE_UNISTD_H
| # include <unistd.h>
| #endif
| #include <jasper/jasper.h>
configure:18780: result: no
configure:18780: checking jasper/jasper.h presence
configure:18780: g++ -E  conftest.cpp
conftest.cpp:39:27: error: jasper/jasper.h: No such file or directory
configure:18780: $? = 1
configure: failed program was:
| /* confdefs.h */
| #define PACKAGE_NAME "opencv"
| #define PACKAGE_TARNAME "opencv"
| #define PACKAGE_VERSION "2.0.0"
| #define PACKAGE_STRING "opencv 2.0.0"
| #define PACKAGE_BUGREPORT "opencvlibrary-devel@lists.sourceforge.net"
| #define PACKAGE_URL ""
| #define PACKAGE "opencv"
| #define VERSION "2.0.0"
| #define STDC_HEADERS 1
| #define HAVE_SYS_TYPES_H 1
| #define HAVE_SYS_STAT_H 1
| #define HAVE_STDLIB_H 1
| #define HAVE_STRING_H 1
| #define HAVE_MEMORY_H 1
| #define HAVE_STRINGS_H 1
| #define HAVE_INTTYPES_H 1
| #define HAVE_STDINT_H 1
| #define HAVE_UNISTD_H 1
| #define HAVE_DLFCN_H 1
| #define LT_OBJDIR ".libs/"
| #define HAVE_MMX /**/
| #define HAVE_SSE /**/
| #define HAVE_SSE2 /**/
| #define HAVE_SSE3 /**/
| #define HAVE_SSSE3 /**/
| #define HAVE_LIBM 1
| #define HAVE_LIBDL 1
| #define HAVE_LIBPTHREAD 1
| #define HAVE_LIBZ 1
| #define HAVE_ALLOCA_H 1
| #define HAVE_ALLOCA 1
| #define HAVE_ASSERT_H 1
| #define HAVE_LRINT 1
| #define HAVE_CARBON /**/
| #define HAVE_QUICKTIME /**/
| #define HAVE_IMAGEIO /**/
| /* end confdefs.h.  */
| #include <jasper/jasper.h>
configure:18780: result: no
configure:18780: checking for jasper/jasper.h
configure:18780: result: no
configure:18834: checking ImfCRgbaFile.h usability
configure:18834: g++ -c   conftest.cpp >&5
conftest.cpp:72:26: error: ImfCRgbaFile.h: No such file or directory
configure:18834: $? = 1
configure: failed program was:
| /* confdefs.h */
| #define PACKAGE_NAME "opencv"
| #define PACKAGE_TARNAME "opencv"
| #define PACKAGE_VERSION "2.0.0"
| #define PACKAGE_STRING "opencv 2.0.0"
| #define PACKAGE_BUGREPORT "opencvlibrary-devel@lists.sourceforge.net"
| #define PACKAGE_URL ""
| #define PACKAGE "opencv"
| #define VERSION "2.0.0"
| #define STDC_HEADERS 1
| #define HAVE_SYS_TYPES_H 1
| #define HAVE_SYS_STAT_H 1
| #define HAVE_STDLIB_H 1
| #define HAVE_STRING_H 1
| #define HAVE_MEMORY_H 1
| #define HAVE_STRINGS_H 1
| #define HAVE_INTTYPES_H 1
| #define HAVE_STDINT_H 1
| #define HAVE_UNISTD_H 1
| #define HAVE_DLFCN_H 1
| #define LT_OBJDIR ".libs/"
| #define HAVE_MMX /**/
| #define HAVE_SSE /**/
| #define HAVE_SSE2 /**/
| #define HAVE_SSE3 /**/
| #define HAVE_SSSE3 /**/
| #define HAVE_LIBM 1
| #define HAVE_LIBDL 1
| #define HAVE_LIBPTHREAD 1
| #define HAVE_LIBZ 1
| #define HAVE_ALLOCA_H 1
| #define HAVE_ALLOCA 1
| #define HAVE_ASSERT_H 1
| #define HAVE_LRINT 1
| #define HAVE_CARBON /**/
| #define HAVE_QUICKTIME /**/
| #define HAVE_IMAGEIO /**/
| /* end confdefs.h.  */
| #include <stdio.h>
| #ifdef HAVE_SYS_TYPES_H
| # include <sys/types.h>
| #endif
| #ifdef HAVE_SYS_STAT_H
| # include <sys/stat.h>
| #endif
| #ifdef STDC_HEADERS
| # include <stdlib.h>
| # include <stddef.h>
| #else
| # ifdef HAVE_STDLIB_H
| #  include <stdlib.h>
| # endif
| #endif
| #ifdef HAVE_STRING_H
| # if !defined STDC_HEADERS && defined HAVE_MEMORY_H
| #  include <memory.h>
| # endif
| # include <string.h>
| #endif
| #ifdef HAVE_STRINGS_H
| # include <strings.h>
| #endif
| #ifdef HAVE_INTTYPES_H
| # include <inttypes.h>
| #endif
| #ifdef HAVE_STDINT_H
| # include <stdint.h>
| #endif
| #ifdef HAVE_UNISTD_H
| # include <unistd.h>
| #endif
| #include <ImfCRgbaFile.h>
configure:18834: result: no
configure:18834: checking ImfCRgbaFile.h presence
configure:18834: g++ -E  conftest.cpp
conftest.cpp:39:26: error: ImfCRgbaFile.h: No such file or directory
configure:18834: $? = 1
configure: failed program was:
| /* confdefs.h */
| #define PACKAGE_NAME "opencv"
| #define PACKAGE_TARNAME "opencv"
| #define PACKAGE_VERSION "2.0.0"
| #define PACKAGE_STRING "opencv 2.0.0"
| #define PACKAGE_BUGREPORT "opencvlibrary-devel@lists.sourceforge.net"
| #define PACKAGE_URL ""
| #define PACKAGE "opencv"
| #define VERSION "2.0.0"
| #define STDC_HEADERS 1
| #define HAVE_SYS_TYPES_H 1
| #define HAVE_SYS_STAT_H 1
| #define HAVE_STDLIB_H 1
| #define HAVE_STRING_H 1
| #define HAVE_MEMORY_H 1
| #define HAVE_STRINGS_H 1
| #define HAVE_INTTYPES_H 1
| #define HAVE_STDINT_H 1
| #define HAVE_UNISTD_H 1
| #define HAVE_DLFCN_H 1
| #define LT_OBJDIR ".libs/"
| #define HAVE_MMX /**/
| #define HAVE_SSE /**/
| #define HAVE_SSE2 /**/
| #define HAVE_SSE3 /**/
| #define HAVE_SSSE3 /**/
| #define HAVE_LIBM 1
| #define HAVE_LIBDL 1
| #define HAVE_LIBPTHREAD 1
| #define HAVE_LIBZ 1
| #define HAVE_ALLOCA_H 1
| #define HAVE_ALLOCA 1
| #define HAVE_ASSERT_H 1
| #define HAVE_LRINT 1
| #define HAVE_CARBON /**/
| #define HAVE_QUICKTIME /**/
| #define HAVE_IMAGEIO /**/
| /* end confdefs.h.  */
| #include <ImfCRgbaFile.h>
configure:18834: result: no
configure:18834: checking for ImfCRgbaFile.h
configure:18834: result: no
configure:18899: Checking for necessary tools to build python wrappers
configure:18913: checking for python
configure:18931: found /opt/local/Library/Frameworks/Python.framework/Versions/2.5/Resources/Python.app/Contents/MacOS//python
configure:18943: result: /opt/local/Library/Frameworks/Python.framework/Versions/2.5/Resources/Python.app/Contents/MacOS//python
configure:18964: checking for python version
configure:18971: result: 2.5
configure:18983: checking for python platform
configure:18990: result: darwin
configure:18997: checking for python script directory
configure:19018: result: ${prefix}/lib/python2.5/site-packages
configure:19027: checking for python extension module directory
configure:19048: result: ${exec_prefix}/lib/python2.5/site-packages
configure:19083: PYTHON_CSPEC= -I/opt/local/Library/Frameworks/Python.framework/Versions/2.5/include/python2.5
configure:19156: PYTHON_LSPEC=-L/opt/local/lib -F/opt/local/Library/Frameworks -L/opt/local/Library/Frameworks/Python.framework/Versions/2.5/lib/python2.5/config -lpython2.5 -u _PyMac_Error Python.framework/Versions/2.5/Python
configure:19175: checking Python.h usability
configure:19175: g++ -c    -I/opt/local/Library/Frameworks/Python.framework/Versions/2.5/include/python2.5 conftest.cpp >&5
configure:19175: $? = 0
configure:19175: result: yes
configure:19175: checking Python.h presence
configure:19175: g++ -E   -I/opt/local/Library/Frameworks/Python.framework/Versions/2.5/include/python2.5 conftest.cpp
configure:19175: $? = 0
configure:19175: result: yes
configure:19175: checking for Python.h
configure:19175: result: yes
configure:20077: creating ./config.status
configure:22618: result:
General configuration ================================================

    CXX:                      g++
    CXXCPP:                   g++ -E
    CPPFLAGS:                 
    CXXFLAGS:                 
    LDFLAGS:                  

    Install path:             /usr/local

    Debug flags                
    Optimization flags        -DNDEBUG -fast -g
    MMX/SSE/SSE2/SSE3:         -mmmx -msse -msse2 -msse3
    OpenMP support:           
    External BLAS & LAPACK:   no

HighGUI configuration ================================================

    Windowing system --------------
    Use Carbon / Mac OS X:    yes
    Use gtk+ 2.x:             no
    Use gthread:              no

    Image I/O ---------------------
    Use ImageIO / Mac OS X:   yes
    Use libjpeg:              no
    Use zlib:                 no
    Use libpng:               no
    Use libtiff:              no
    Use libjasper:            no
    Use libIlmImf/OpenEXR:    no

    Video I/O ---------------------
    Use QuickTime / Mac OS X: yes
    Use xine:                 no
    Use gstreamer:            no
    Use ffmpeg:               no
    Use dc1394 & raw1394:     no
    Use dc1394_v2 & raw1394:  no
    Use v4l:                  no
    Use v4l2:                 no
    Use unicap:               no

Wrappers for other languages =========================================

    SWIG                      
    Python                    yes
    Octave                    no

Additional build settings ============================================

    Build demo apps           yes

Now run make ...


## ---------------- ##
## Cache variables. ##
## ---------------- ##

ac_cv_build=i386-apple-darwin9.8.0
ac_cv_c_bigendian=no
ac_cv_c_compiler_gnu=yes
ac_cv_cxx_compiler_gnu=yes
ac_cv_env_CCC_set=
ac_cv_env_CCC_value=
ac_cv_env_CC_set=
ac_cv_env_CC_value=
ac_cv_env_CFLAGS_set=
ac_cv_env_CFLAGS_value=
ac_cv_env_CPPFLAGS_set=
ac_cv_env_CPPFLAGS_value=
ac_cv_env_CPP_set=
ac_cv_env_CPP_value=
ac_cv_env_CXXCPP_set=
ac_cv_env_CXXCPP_value=
ac_cv_env_CXXFLAGS_set=
ac_cv_env_CXXFLAGS_value=
ac_cv_env_CXX_set=
ac_cv_env_CXX_value=
ac_cv_env_LDFLAGS_set=
ac_cv_env_LDFLAGS_value=
ac_cv_env_LIBS_set=
ac_cv_env_LIBS_value=
ac_cv_env_PYTHON_set=
ac_cv_env_PYTHON_value=
ac_cv_env_SWIG_set=
ac_cv_env_SWIG_value=
ac_cv_env_build_alias_set=
ac_cv_env_build_alias_value=
ac_cv_env_host_alias_set=
ac_cv_env_host_alias_value=
ac_cv_env_target_alias_set=
ac_cv_env_target_alias_value=
ac_cv_func_alloca_works=yes
ac_cv_func_lrint=yes
ac_cv_header_ApplicationServices_ApplicationServices_h=yes
ac_cv_header_Carbon_Carbon_h=yes
ac_cv_header_ImfCRgbaFile_h=no
ac_cv_header_Python_h=yes
ac_cv_header_QuickTime_QuickTime_h=yes
ac_cv_header_assert_h=yes
ac_cv_header_dlfcn_h=yes
ac_cv_header_inttypes_h=yes
ac_cv_header_jasper_jasper_h=no
ac_cv_header_malloc_h=no
ac_cv_header_memory_h=yes
ac_cv_header_stdc=yes
ac_cv_header_stdint_h=yes
ac_cv_header_stdlib_h=yes
ac_cv_header_string_h=yes
ac_cv_header_strings_h=yes
ac_cv_header_sys_stat_h=yes
ac_cv_header_sys_types_h=yes
ac_cv_header_unistd_h=yes
ac_cv_host=i386-apple-darwin9.8.0
ac_cv_lib_dl_dlopen=yes
ac_cv_lib_m_pow=yes
ac_cv_lib_pthread_pthread_create=yes
ac_cv_lib_z_gzputs=yes
ac_cv_objext=o
ac_cv_path_EGREP='/usr/bin/grep -E'
ac_cv_path_FGREP='/usr/bin/grep -F'
ac_cv_path_GREP=/usr/bin/grep
ac_cv_path_PYTHON=/opt/local/Library/Frameworks/Python.framework/Versions/2.5/Resources/Python.app/Contents/MacOS//python
ac_cv_path_SED=/usr/bin/sed
ac_cv_path_install='/usr/bin/install -c'
ac_cv_prog_AWK=awk
ac_cv_prog_CPP='gcc -E'
ac_cv_prog_CXXCPP='g++ -E'
ac_cv_prog_ac_ct_AR=ar
ac_cv_prog_ac_ct_CC=gcc
ac_cv_prog_ac_ct_CXX=g++
ac_cv_prog_ac_ct_DSYMUTIL=dsymutil
ac_cv_prog_ac_ct_LIPO=lipo
ac_cv_prog_ac_ct_NMEDIT=nmedit
ac_cv_prog_ac_ct_OBJDUMP=objdump
ac_cv_prog_ac_ct_OTOOL=otool
ac_cv_prog_ac_ct_RANLIB=ranlib
ac_cv_prog_ac_ct_STRIP=strip
ac_cv_prog_cc_c89=
ac_cv_prog_cc_g=yes
ac_cv_prog_cxx_g=yes
ac_cv_prog_cxx_openmp=unsupported
ac_cv_prog_make_make_set=yes
ac_cv_search_clock_gettime=no
ac_cv_target=i386-apple-darwin9.8.0
ac_cv_working_alloca_h=yes
am_cv_CC_dependencies_compiler_type=gcc3
am_cv_CXX_dependencies_compiler_type=gcc3
am_cv_python_platform=darwin
am_cv_python_pyexecdir='${exec_prefix}/lib/python2.5/site-packages'
am_cv_python_pythondir='${prefix}/lib/python2.5/site-packages'
am_cv_python_version=2.5
ax_cv_cxx_flags__mmmx=yes
ax_cv_cxx_flags__msse2=yes
ax_cv_cxx_flags__msse3=yes
ax_cv_cxx_flags__msse=yes
ax_cv_gcc_x86_cpuid_0x00000001=10676:20800:8e3bd:bfebfbff
ax_cv_gcc_x86_cpuid_=unknown
ax_cv_have_mmx_ext=yes
ax_cv_have_sse2_ext=yes
ax_cv_have_sse3_ext=yes
ax_cv_have_sse_ext=yes
ax_cv_have_ssse3_ext=yes
lt_cv_apple_cc_single_mod=yes
lt_cv_deplibs_check_method=pass_all
lt_cv_file_magic_cmd='$MAGIC_CMD'
lt_cv_file_magic_test_file=
lt_cv_ld_exported_symbols_list=yes
lt_cv_ld_reload_flag=-r
lt_cv_nm_interface='BSD nm'
lt_cv_objdir=.libs
lt_cv_path_LD=/usr/libexec/gcc/i686-apple-darwin9/4.0.1/ld
lt_cv_path_LDCXX=/usr/libexec/gcc/i686-apple-darwin9/4.0.1/ld
lt_cv_path_NM='/usr/bin/nm -p'
lt_cv_prog_compiler_c_o=yes
lt_cv_prog_compiler_c_o_CXX=yes
lt_cv_prog_compiler_pic_works=yes
lt_cv_prog_compiler_pic_works_CXX=yes
lt_cv_prog_compiler_rtti_exceptions=no
lt_cv_prog_compiler_static_works=no
lt_cv_prog_compiler_static_works_CXX=no
lt_cv_prog_gnu_ld=no
lt_cv_prog_gnu_ldcxx=no
lt_cv_sys_global_symbol_pipe='sed -n -e '\''s/^.*[	 ]\([BCDEGRST][BCDEGRST]*\)[	 ][	 ]*_\([_A-Za-z][_A-Za-z0-9]*\)$/\1 _\2 \2/p'\'''
lt_cv_sys_global_symbol_to_c_name_address='sed -n -e '\''s/^: \([^ ]*\) $/  {\"\1\", (void *) 0},/p'\'' -e '\''s/^[BCDEGRST]* \([^ ]*\) \([^ ]*\)$/  {"\2", (void *) \&\2},/p'\'''
lt_cv_sys_global_symbol_to_c_name_address_lib_prefix='sed -n -e '\''s/^: \([^ ]*\) $/  {\"\1\", (void *) 0},/p'\'' -e '\''s/^[BCDEGRST]* \([^ ]*\) \(lib[^ ]*\)$/  {"\2", (void *) \&\2},/p'\'' -e '\''s/^[BCDEGRST]* \([^ ]*\) \([^ ]*\)$/  {"lib\2", (void *) \&\2},/p'\'''
lt_cv_sys_global_symbol_to_cdecl='sed -n -e '\''s/^T .* \(.*\)$/extern int \1();/p'\'' -e '\''s/^[BCDEGRST]* .* \(.*\)$/extern char \1;/p'\'''
lt_cv_sys_max_cmd_len=196608

## ----------------- ##
## Output variables. ##
## ----------------- ##

ACLOCAL='${SHELL} /Users/dlowe/desktop/kenken/OpenCV-2.0.0/autotools/missing --run aclocal-1.11'
ALLOCA=''
AMDEPBACKSLASH='\'
AMDEP_FALSE='#'
AMDEP_TRUE=''
AMTAR='${SHELL} /Users/dlowe/desktop/kenken/OpenCV-2.0.0/autotools/missing --run tar'
AR='ar'
AS='as'
AUTOCONF='${SHELL} /Users/dlowe/desktop/kenken/OpenCV-2.0.0/autotools/missing --run autoconf'
AUTOHEADER='${SHELL} /Users/dlowe/desktop/kenken/OpenCV-2.0.0/autotools/missing --run autoheader'
AUTOMAKE='${SHELL} /Users/dlowe/desktop/kenken/OpenCV-2.0.0/autotools/missing --run automake-1.11'
AWK='awk'
BUILD_APPS_FALSE='#'
BUILD_APPS_TRUE=''
BUILD_CARBON_FALSE='#'
BUILD_CARBON_TRUE=''
BUILD_DC1394_2_FALSE=''
BUILD_DC1394_2_TRUE='#'
BUILD_DC1394_FALSE=''
BUILD_DC1394_TRUE='#'
BUILD_FFMPEG_FALSE=''
BUILD_FFMPEG_TRUE='#'
BUILD_GSTREAMER_FALSE=''
BUILD_GSTREAMER_TRUE='#'
BUILD_GTK_FALSE=''
BUILD_GTK_TRUE='#'
BUILD_IMAGEIO_FALSE='#'
BUILD_IMAGEIO_TRUE=''
BUILD_OCTAVE_WRAPPERS_FALSE=''
BUILD_OCTAVE_WRAPPERS_TRUE='#'
BUILD_PYTHON_WRAPPERS_FALSE='#'
BUILD_PYTHON_WRAPPERS_TRUE=''
BUILD_QUICKTIME_FALSE='#'
BUILD_QUICKTIME_TRUE=''
BUILD_UNICAP_FALSE=''
BUILD_UNICAP_TRUE='#'
BUILD_V4L_FALSE=''
BUILD_V4L_TRUE='#'
BUILD_XINE_FALSE=''
BUILD_XINE_TRUE='#'
CARBON_CFLAGS=''
CARBON_LIBS='-Xlinker -framework -Xlinker Carbon'
CC='gcc'
CCDEPMODE='depmode=gcc3'
CFLAGS=''
CPP='gcc -E'
CPPFLAGS=''
CXX='g++'
CXXCPP='g++ -E'
CXXDEPMODE='depmode=gcc3'
CXXFLAGS=''
CYGPATH_W='echo'
DEBUG=''
DEBUG_CPPFLAGS=''
DEBUG_CXXFLAGS=''
DEFS='-DHAVE_CONFIG_H'
DEPDIR='.deps'
DLLTOOL='dlltool'
DSYMUTIL='dsymutil'
DUMPBIN=''
ECHO_C='\c'
ECHO_N=''
ECHO_T=''
EGREP='/usr/bin/grep -E'
EXEEXT=''
FFMPEGLIBS=''
FGREP='/usr/bin/grep -F'
FLOAT_STORE_CFLAGS='-ffloat-store'
GREP='/usr/bin/grep'
GSTREAMER_CFLAGS=''
GSTREAMER_LIBS=''
GTHREAD_CFLAGS=''
GTHREAD_LIBS=''
GTK_CFLAGS=''
GTK_LIBS=''
IEEE1394LIBS=''
IMAGELIBS=' -framework ApplicationServices'
INSTALL_DATA='${INSTALL} -m 644'
INSTALL_PROGRAM='${INSTALL}'
INSTALL_SCRIPT='${INSTALL}'
INSTALL_STRIP_PROGRAM='$(install_sh) -c -s'
LAPACK_LIBS=''
LD='/usr/libexec/gcc/i686-apple-darwin9/4.0.1/ld'
LDFLAGS=''
LIBOBJS=''
LIBS='-lz -lpthread -ldl -lm '
LIBTOOL='$(SHELL) $(top_builddir)/libtool'
LIPO='lipo'
LN_S='ln -s'
LTLIBOBJS=''
LT_VERSION='4:0:0'
MAKEINFO='${SHELL} /Users/dlowe/desktop/kenken/OpenCV-2.0.0/autotools/missing --run makeinfo'
MKDIR_P='autotools/install-sh -c -d'
MKOCTFILE=''
MMAJOR='2'
MMINOR='0'
MSUBMINOR='0'
NATIVE_LAPACK_FALSE=''
NATIVE_LAPACK_TRUE='#'
NM='/usr/bin/nm -p'
NMEDIT='nmedit'
OBJDUMP='objdump'
OBJEXT='o'
OCTAVE=''
OCTAVE_ARCH=''
OCTAVE_INCFLAGS=''
OPENMP_CXXFLAGS=''
OPTIMIZATION_CPPFLAGS='-DNDEBUG'
OPTIMIZATION_CXXFLAGS='-fast -g'
OTOOL64=':'
OTOOL='otool'
PACKAGE='opencv'
PACKAGE_BUGREPORT='opencvlibrary-devel@lists.sourceforge.net'
PACKAGE_NAME='opencv'
PACKAGE_STRING='opencv 2.0.0'
PACKAGE_TARNAME='opencv'
PACKAGE_URL=''
PACKAGE_VERSION='2.0.0'
PATH_SEPARATOR=':'
PKG_CONFIG=''
PYTHON='/opt/local/Library/Frameworks/Python.framework/Versions/2.5/Resources/Python.app/Contents/MacOS//python'
PYTHON_CSPEC=' -I/opt/local/Library/Frameworks/Python.framework/Versions/2.5/include/python2.5'
PYTHON_EXEC_PREFIX='${exec_prefix}'
PYTHON_LSPEC='-L/opt/local/lib -F/opt/local/Library/Frameworks -L/opt/local/Library/Frameworks/Python.framework/Versions/2.5/lib/python2.5/config -lpython2.5 -u _PyMac_Error Python.framework/Versions/2.5/Python'
PYTHON_PLATFORM='darwin'
PYTHON_PREFIX='${prefix}'
PYTHON_VERSION='2.5'
QUICKTIME_CFLAGS=''
QUICKTIME_LIBS='-Xlinker -framework -Xlinker QuickTime -Xlinker -framework -Xlinker QuartzCore'
RANLIB='ranlib'
SED='/usr/bin/sed'
SET_MAKE=''
SHELL='/bin/sh'
SIMD_FLAGS=' -mmmx -msse -msse2 -msse3'
STRIP='strip'
SWIG=''
SWIG_OCTAVE_OPT=''
SWIG_PYTHON_LIBS=''
SWIG_PYTHON_OPT=''
SWIG_RUNTIME_LIBS_DIR=''
SWIG_VERSION=''
UCIL_PACKAGE_CFLAGS=''
UCIL_PACKAGE_LIBS=''
UNICAP_PACKAGE_CFLAGS=''
UNICAP_PACKAGE_LIBS=''
UPDATE_SWIG_WRAPPERS_FALSE=''
UPDATE_SWIG_WRAPPERS_TRUE='#'
VERSION='2.0.0'
XINE_LIBS=''
ac_ct_CC='gcc'
ac_ct_CXX='g++'
ac_ct_DUMPBIN=''
am__EXEEXT_FALSE=''
am__EXEEXT_TRUE='#'
am__fastdepCC_FALSE='#'
am__fastdepCC_TRUE=''
am__fastdepCXX_FALSE='#'
am__fastdepCXX_TRUE=''
am__include='include'
am__isrc=''
am__leading_dot='.'
am__quote=''
am__tar='${AMTAR} chof - "$$tardir"'
am__untar='${AMTAR} xf -'
bindir='${exec_prefix}/bin'
build='i386-apple-darwin9.8.0'
build_alias=''
build_cpu='i386'
build_os='darwin9.8.0'
build_vendor='apple'
datadir='${datarootdir}'
datarootdir='${prefix}/share'
docdir='${datarootdir}/doc/${PACKAGE_TARNAME}'
dvidir='${docdir}'
exec_prefix='${prefix}'
host='i386-apple-darwin9.8.0'
host_alias=''
host_cpu='i386'
host_os='darwin9.8.0'
host_vendor='apple'
htmldir='${docdir}'
includedir='${prefix}/include'
infodir='${datarootdir}/info'
install_sh='${SHELL} /Users/dlowe/desktop/kenken/OpenCV-2.0.0/autotools/install-sh'
libdir='${exec_prefix}/lib'
libexecdir='${exec_prefix}/libexec'
localedir='${datarootdir}/locale'
localstatedir='${prefix}/var'
lt_ECHO='/bin/echo'
mandir='${datarootdir}/man'
mkdir_p='$(top_builddir)/autotools/install-sh -c -d'
oldincludedir='/usr/include'
pdfdir='${docdir}'
pkgpyexecdir='${pyexecdir}/opencv'
pkgpythondir='${pythondir}/opencv'
prefix='/usr/local'
program_transform_name='s,x,x,'
psdir='${docdir}'
pyexecdir='${exec_prefix}/lib/python2.5/site-packages'
pythondir='${prefix}/lib/python2.5/site-packages'
sbindir='${exec_prefix}/sbin'
sharedstatedir='${prefix}/com'
sysconfdir='${prefix}/etc'
target='i386-apple-darwin9.8.0'
target_alias=''
target_cpu='i386'
target_os='darwin9.8.0'
target_vendor='apple'

## ----------- ##
## confdefs.h. ##
## ----------- ##

/* confdefs.h */
#define PACKAGE_NAME "opencv"
#define PACKAGE_TARNAME "opencv"
#define PACKAGE_VERSION "2.0.0"
#define PACKAGE_STRING "opencv 2.0.0"
#define PACKAGE_BUGREPORT "opencvlibrary-devel@lists.sourceforge.net"
#define PACKAGE_URL ""
#define PACKAGE "opencv"
#define VERSION "2.0.0"
#define STDC_HEADERS 1
#define HAVE_SYS_TYPES_H 1
#define HAVE_SYS_STAT_H 1
#define HAVE_STDLIB_H 1
#define HAVE_STRING_H 1
#define HAVE_MEMORY_H 1
#define HAVE_STRINGS_H 1
#define HAVE_INTTYPES_H 1
#define HAVE_STDINT_H 1
#define HAVE_UNISTD_H 1
#define HAVE_DLFCN_H 1
#define LT_OBJDIR ".libs/"
#define HAVE_MMX /**/
#define HAVE_SSE /**/
#define HAVE_SSE2 /**/
#define HAVE_SSE3 /**/
#define HAVE_SSSE3 /**/
#define HAVE_LIBM 1
#define HAVE_LIBDL 1
#define HAVE_LIBPTHREAD 1
#define HAVE_LIBZ 1
#define HAVE_ALLOCA_H 1
#define HAVE_ALLOCA 1
#define HAVE_ASSERT_H 1
#define HAVE_LRINT 1
#define HAVE_CARBON /**/
#define HAVE_QUICKTIME /**/
#define HAVE_IMAGEIO /**/

configure: exit 0

## ---------------------- ##
## Running config.status. ##
## ---------------------- ##

This file was extended by opencv config.status 2.0.0, which was
generated by GNU Autoconf 2.64.  Invocation command line was

  CONFIG_FILES    = 
  CONFIG_HEADERS  = 
  CONFIG_LINKS    = 
  CONFIG_COMMANDS = 
  $ ./config.status 

on doot.local

config.status:1244: creating Makefile
config.status:1244: creating opencv.pc
config.status:1244: creating opencv.spec
config.status:1244: creating data/Makefile
config.status:1244: creating include/Makefile
config.status:1244: creating 3rdparty/Makefile
config.status:1244: creating src/Makefile
config.status:1244: creating apps/Makefile
config.status:1244: creating interfaces/Makefile
config.status:1244: creating interfaces/swig/Makefile
config.status:1244: creating interfaces/swig/filtered/Makefile
config.status:1244: creating interfaces/swig/general/Makefile
config.status:1244: creating interfaces/swig/python/Makefile
config.status:1244: creating interfaces/swig/octave/Makefile
config.status:1244: creating tests/Makefile
config.status:1244: creating utils/Makefile
config.status:1244: creating samples/Makefile
config.status:1244: creating cvconfig.h
config.status:1416: cvconfig.h is unchanged
config.status:1464: executing depfiles commands
config.status:1464: executing libtool commands
